                  :-) GROMACS - gmx mdrun, 2020-UNCHECKED (-:

                            GROMACS is written by:
     Emile Apol      Rossen Apostolov      Paul Bauer     Herman J.C. Berendsen
    Par Bjelkmar      Christian Blau   Viacheslav Bolnykh     Kevin Boyd    
 Aldert van Buuren   Rudi van Drunen     Anton Feenstra       Alan Gray     
  Gerrit Groenhof     Anca Hamuraru    Vincent Hindriksen  M. Eric Irrgang  
  Aleksei Iupinov   Christoph Junghans     Joe Jordan     Dimitrios Karkoulis
    Peter Kasson        Jiri Kraus      Carsten Kutzner      Per Larsson    
  Justin A. Lemkul    Viveca Lindahl    Magnus Lundborg     Erik Marklund   
    Pascal Merz     Pieter Meulenhoff    Teemu Murtola       Szilard Pall   
    Sander Pronk      Roland Schulz      Michael Shirts    Alexey Shvetsov  
   Alfons Sijbers     Peter Tieleman      Jon Vincent      Teemu Virolainen 
 Christian Wennberg    Maarten Wolf      Artem Zhmurov   
                           and the project leaders:
        Mark Abraham, Berk Hess, Erik Lindahl, and David van der Spoel

Copyright (c) 1991-2000, University of Groningen, The Netherlands.
Copyright (c) 2001-2019, The GROMACS development team at
Uppsala University, Stockholm University and
the Royal Institute of Technology, Sweden.
check out http://www.gromacs.org for more information.

GROMACS is free software; you can redistribute it and/or modify it
under the terms of the GNU Lesser General Public License
as published by the Free Software Foundation; either version 2.1
of the License, or (at your option) any later version.

GROMACS:      gmx mdrun, version 2020-UNCHECKED
Executable:   /Users/mrshirts/work/gromacs_allv/gromacs_2020/install/bin/gmx
Data prefix:  /Users/mrshirts/work/gromacs_allv/gromacs_2020/install
Working dir:  /Users/mrshirts/work/papers/SCALEMS/testdata/lennardjones/gromacs
Process ID:   21486
Command line:
  gmx mdrun -nt 1 -s lj_bulk.tpr -c lj_bulk_output.gro -e lj_bulk.edr -o lj_bulk.trr -g lj_bulk.log

GROMACS version:    2020-UNCHECKED
The source code this program was compiled from has not been verified because the reference checksum was missing during compilation. This means you have an incomplete GROMACS distribution, please make sure to download an intact source distribution and compile that before proceeding.
Computed checksum: NoChecksumFile
Precision:          single
Memory model:       64 bit
MPI library:        thread_mpi
OpenMP support:     disabled
GPU support:        disabled
SIMD instructions:  AVX2_256
FFT library:        fftw-3.3.2-sse2
RDTSCP usage:       enabled
TNG support:        enabled
Hwloc support:      disabled
Tracing support:    disabled
C compiler:         /Applications/Xcode.app/Contents/Developer/Toolchains/XcodeDefault.xctoolchain/usr/bin/cc AppleClang 11.0.0.11000033
C compiler flags:   -mavx2 -mfma -Wno-unknown-pragmas -fno-stack-check -fno-stack-check
C++ compiler:       /Applications/Xcode.app/Contents/Developer/Toolchains/XcodeDefault.xctoolchain/usr/bin/c++ AppleClang 11.0.0.11000033
C++ compiler flags: -mavx2 -mfma -Wno-unknown-pragmas -fno-stack-check -fno-stack-check


Running on 1 node with total 8 cores, 8 logical cores
Hardware detected:
  CPU info:
    Vendor: Intel
    Brand:  Intel(R) Core(TM) i7-1068NG7 CPU @ 2.30GHz
    Family: 6   Model: 126   Stepping: 5
    Features: aes apic avx avx2 avx512f avx512cd avx512bw avx512vl clfsh cmov cx8 cx16 f16c fma htt intel lahf mmx msr nonstop_tsc pcid pclmuldq pdcm pdpe1gb popcnt pse rdrnd rdtscp sha sse2 sse3 sse4.1 sse4.2 ssse3 tdt x2apic
    Number of AVX-512 FMA units: 1 (AVX2 is faster w/o 2 AVX-512 FMA units)
  Hardware topology: Only logical processor count


++++ PLEASE READ AND CITE THE FOLLOWING REFERENCE ++++
M. J. Abraham, T. Murtola, R. Schulz, S. Páll, J. C. Smith, B. Hess, E.
Lindahl
GROMACS: High performance molecular simulations through multi-level
parallelism from laptops to supercomputers
SoftwareX 1 (2015) pp. 19-25
-------- -------- --- Thank You --- -------- --------


++++ PLEASE READ AND CITE THE FOLLOWING REFERENCE ++++
S. Páll, M. J. Abraham, C. Kutzner, B. Hess, E. Lindahl
Tackling Exascale Software Challenges in Molecular Dynamics Simulations with
GROMACS
In S. Markidis & E. Laure (Eds.), Solving Software Challenges for Exascale 8759 (2015) pp. 3-27
-------- -------- --- Thank You --- -------- --------


++++ PLEASE READ AND CITE THE FOLLOWING REFERENCE ++++
S. Pronk, S. Páll, R. Schulz, P. Larsson, P. Bjelkmar, R. Apostolov, M. R.
Shirts, J. C. Smith, P. M. Kasson, D. van der Spoel, B. Hess, and E. Lindahl
GROMACS 4.5: a high-throughput and highly parallel open source molecular
simulation toolkit
Bioinformatics 29 (2013) pp. 845-54
-------- -------- --- Thank You --- -------- --------


++++ PLEASE READ AND CITE THE FOLLOWING REFERENCE ++++
B. Hess and C. Kutzner and D. van der Spoel and E. Lindahl
GROMACS 4: Algorithms for highly efficient, load-balanced, and scalable
molecular simulation
J. Chem. Theory Comput. 4 (2008) pp. 435-447
-------- -------- --- Thank You --- -------- --------


++++ PLEASE READ AND CITE THE FOLLOWING REFERENCE ++++
D. van der Spoel, E. Lindahl, B. Hess, G. Groenhof, A. E. Mark and H. J. C.
Berendsen
GROMACS: Fast, Flexible and Free
J. Comp. Chem. 26 (2005) pp. 1701-1719
-------- -------- --- Thank You --- -------- --------


++++ PLEASE READ AND CITE THE FOLLOWING REFERENCE ++++
E. Lindahl and B. Hess and D. van der Spoel
GROMACS 3.0: A package for molecular simulation and trajectory analysis
J. Mol. Mod. 7 (2001) pp. 306-317
-------- -------- --- Thank You --- -------- --------


++++ PLEASE READ AND CITE THE FOLLOWING REFERENCE ++++
H. J. C. Berendsen, D. van der Spoel and R. van Drunen
GROMACS: A message-passing parallel molecular dynamics implementation
Comp. Phys. Comm. 91 (1995) pp. 43-56
-------- -------- --- Thank You --- -------- --------


++++ PLEASE CITE THE DOI FOR THIS VERSION OF GROMACS ++++
https://doi.org/10.5281/zenodo.3562495
-------- -------- --- Thank You --- -------- --------

Input Parameters:
   integrator                     = sd
   tinit                          = 0
   dt                             = 0.004
   nsteps                         = 10000
   init-step                      = 0
   simulation-part                = 1
   comm-mode                      = Linear
   nstcomm                        = 1
   bd-fric                        = 0
   ld-seed                        = 1924704672
   emtol                          = 10
   emstep                         = 0.01
   niter                          = 20
   fcstep                         = 0
   nstcgsteep                     = 1000
   nbfgscorr                      = 10
   rtpi                           = 0.05
   nstxout                        = 1000
   nstvout                        = 1000
   nstfout                        = 0
   nstlog                         = 1000
   nstcalcenergy                  = 1
   nstenergy                      = 1000
   nstxout-compressed             = 0
   compressed-x-precision         = 1000
   cutoff-scheme                  = Verlet
   nstlist                        = 10
   pbc                            = xyz
   periodic-molecules             = false
   verlet-buffer-tolerance        = 0.005
   rlist                          = 0.9
   coulombtype                    = Cut-off
   coulomb-modifier               = Potential-shift
   rcoulomb-switch                = 0
   rcoulomb                       = 0.9
   epsilon-r                      = 1
   epsilon-rf                     = inf
   vdw-type                       = Cut-off
   vdw-modifier                   = Potential-shift
   rvdw-switch                    = 0
   rvdw                           = 0.9
   DispCorr                       = AllEnerPres
   table-extension                = 1
   fourierspacing                 = 0.12
   fourier-nx                     = 0
   fourier-ny                     = 0
   fourier-nz                     = 0
   pme-order                      = 4
   ewald-rtol                     = 1e-05
   ewald-rtol-lj                  = 0.001
   lj-pme-comb-rule               = Geometric
   ewald-geometry                 = 0
   epsilon-surface                = 0
   tcoupl                         = No
   nsttcouple                     = -1
   nh-chain-length                = 0
   print-nose-hoover-chain-variables = false
   pcoupl                         = No
   pcoupltype                     = Isotropic
   nstpcouple                     = -1
   tau-p                          = 1
   compressibility (3x3):
      compressibility[    0]={ 0.00000e+00,  0.00000e+00,  0.00000e+00}
      compressibility[    1]={ 0.00000e+00,  0.00000e+00,  0.00000e+00}
      compressibility[    2]={ 0.00000e+00,  0.00000e+00,  0.00000e+00}
   ref-p (3x3):
      ref-p[    0]={ 0.00000e+00,  0.00000e+00,  0.00000e+00}
      ref-p[    1]={ 0.00000e+00,  0.00000e+00,  0.00000e+00}
      ref-p[    2]={ 0.00000e+00,  0.00000e+00,  0.00000e+00}
   refcoord-scaling               = No
   posres-com (3):
      posres-com[0]= 0.00000e+00
      posres-com[1]= 0.00000e+00
      posres-com[2]= 0.00000e+00
   posres-comB (3):
      posres-comB[0]= 0.00000e+00
      posres-comB[1]= 0.00000e+00
      posres-comB[2]= 0.00000e+00
   QMMM                           = false
   QMconstraints                  = 0
   QMMMscheme                     = 0
   MMChargeScaleFactor            = 1
qm-opts:
   ngQM                           = 0
   constraint-algorithm           = Lincs
   continuation                   = false
   Shake-SOR                      = false
   shake-tol                      = 0.0001
   lincs-order                    = 4
   lincs-iter                     = 1
   lincs-warnangle                = 30
   nwall                          = 0
   wall-type                      = 9-3
   wall-r-linpot                  = -1
   wall-atomtype[0]               = -1
   wall-atomtype[1]               = -1
   wall-density[0]                = 0
   wall-density[1]                = 0
   wall-ewald-zfac                = 3
   pull                           = false
   awh                            = false
   rotation                       = false
   interactiveMD                  = false
   disre                          = No
   disre-weighting                = Conservative
   disre-mixed                    = false
   dr-fc                          = 1000
   dr-tau                         = 0
   nstdisreout                    = 100
   orire-fc                       = 0
   orire-tau                      = 0
   nstorireout                    = 100
   free-energy                    = no
   cos-acceleration               = 0
   deform (3x3):
      deform[    0]={ 0.00000e+00,  0.00000e+00,  0.00000e+00}
      deform[    1]={ 0.00000e+00,  0.00000e+00,  0.00000e+00}
      deform[    2]={ 0.00000e+00,  0.00000e+00,  0.00000e+00}
   simulated-tempering            = false
   swapcoords                     = no
   userint1                       = 0
   userint2                       = 0
   userint3                       = 0
   userint4                       = 0
   userreal1                      = 0
   userreal2                      = 0
   userreal3                      = 0
   userreal4                      = 0
   applied-forces:
     electric-field:
       x:
         E0                       = 0
         omega                    = 0
         t0                       = 0
         sigma                    = 0
       y:
         E0                       = 0
         omega                    = 0
         t0                       = 0
         sigma                    = 0
       z:
         E0                       = 0
         omega                    = 0
         t0                       = 0
         sigma                    = 0
     density-guided-simulation:
       active                     = false
       group                      = protein
       similarity-measure         = inner-product
       atom-spreading-weight      = unity
       force-constant             = 1e+09
       gaussian-transform-spreading-width = 0.2
       gaussian-transform-spreading-range-in-multiples-of-width = 4
       reference-density-filename = reference.mrc
       nst                        = 1
       normalize-densities        = true
       adaptive-force-scaling     = false
       adaptive-force-scaling-time-constant = 4
grpopts:
   nrdf:        1197
   ref-t:         120
   tau-t:           1
annealing:          No
annealing-npoints:           0
   acc:	           0           0           0
   nfreeze:           N           N           N
   energygrp-flags[  0]: 0

Changing nstlist from 10 to 100, rlist from 0.9 to 1.045

Using 1 MPI thread

Non-default thread affinity set probably by the OpenMP library,
disabling internal thread affinity
System total charge: 0.000
Potential shift: LJ r^-12: -3.541e+00 r^-6: -1.882e+00, Coulomb -1e+00

Using SIMD 4x8 nonbonded short-range kernels

Using a dual 4x8 pair-list setup updated with dynamic pruning:
  outer list: updated every 100 steps, buffer 0.145 nm, rlist 1.045 nm
  inner list: updated every  33 steps, buffer 0.001 nm, rlist 0.901 nm
At tolerance 0.005 kJ/mol/ps per atom, equivalent classical 1x1 list would be:
  outer list: updated every 100 steps, buffer 0.286 nm, rlist 1.186 nm
  inner list: updated every  33 steps, buffer 0.051 nm, rlist 0.951 nm

Using geometric Lennard-Jones combination rule

Long Range LJ corr.: <C6> 1.6384e-02 <C12> 6.7109e-05

Removing pbc first time

++++ PLEASE READ AND CITE THE FOLLOWING REFERENCE ++++
N. Goga and A. J. Rzepiela and A. H. de Vries and S. J. Marrink and H. J. C.
Berendsen
Efficient Algorithms for Langevin and DPD Dynamics
J. Chem. Theory Comput. 8 (2012) pp. 3637--3649
-------- -------- --- Thank You --- -------- --------

There are: 400 Atoms
Center of mass motion removal mode is Linear
We have the following groups for center of mass motion removal:
  0:  rest
Initial temperature: 119.555 K

Started mdrun on rank 0 Sun Nov  8 15:40:52 2020

           Step           Time
              0        0.00000

   Energies (kJ/mol)
        LJ (SR)  Disper. corr.   Coulomb (SR)      Potential    Kinetic En.
   -7.77352e+02   -1.13004e+02    0.00000e+00   -8.90356e+02    5.94969e+02
   Total Energy    Temperature Pres. DC (bar) Pressure (bar)
   -2.95387e+02    1.19563e+02   -1.57242e+01    1.47541e+01

           Step           Time
           1000        4.00000

   Energies (kJ/mol)
        LJ (SR)  Disper. corr.   Coulomb (SR)      Potential    Kinetic En.
   -6.63890e+02   -1.13004e+02    0.00000e+00   -7.76894e+02    5.95282e+02
   Total Energy    Temperature Pres. DC (bar) Pressure (bar)
   -1.81612e+02    1.19626e+02   -1.57242e+01   -3.76215e+00

           Step           Time
           2000        8.00000

   Energies (kJ/mol)
        LJ (SR)  Disper. corr.   Coulomb (SR)      Potential    Kinetic En.
   -6.66455e+02   -1.13004e+02    0.00000e+00   -7.79459e+02    5.64131e+02
   Total Energy    Temperature Pres. DC (bar) Pressure (bar)
   -2.15328e+02    1.13366e+02   -1.57242e+01    1.63980e-01

           Step           Time
           3000       12.00000

   Energies (kJ/mol)
        LJ (SR)  Disper. corr.   Coulomb (SR)      Potential    Kinetic En.
   -6.44421e+02   -1.13004e+02    0.00000e+00   -7.57425e+02    5.86542e+02
   Total Energy    Temperature Pres. DC (bar) Pressure (bar)
   -1.70882e+02    1.17869e+02   -1.57242e+01   -6.44826e+00

           Step           Time
           4000       16.00000

   Energies (kJ/mol)
        LJ (SR)  Disper. corr.   Coulomb (SR)      Potential    Kinetic En.
   -6.19083e+02   -1.13004e+02    0.00000e+00   -7.32087e+02    5.58345e+02
   Total Energy    Temperature Pres. DC (bar) Pressure (bar)
   -1.73742e+02    1.12203e+02   -1.57242e+01    1.58887e+00

           Step           Time
           5000       20.00000

   Energies (kJ/mol)
        LJ (SR)  Disper. corr.   Coulomb (SR)      Potential    Kinetic En.
   -6.06091e+02   -1.13004e+02    0.00000e+00   -7.19094e+02    6.15370e+02
   Total Energy    Temperature Pres. DC (bar) Pressure (bar)
   -1.03724e+02    1.23663e+02   -1.57242e+01    1.54244e+01

           Step           Time
           6000       24.00000

   Energies (kJ/mol)
        LJ (SR)  Disper. corr.   Coulomb (SR)      Potential    Kinetic En.
   -5.86122e+02   -1.13004e+02    0.00000e+00   -6.99125e+02    5.79426e+02
   Total Energy    Temperature Pres. DC (bar) Pressure (bar)
   -1.19699e+02    1.16439e+02   -1.57242e+01   -1.01611e+01

           Step           Time
           7000       28.00000

   Energies (kJ/mol)
        LJ (SR)  Disper. corr.   Coulomb (SR)      Potential    Kinetic En.
   -5.65762e+02   -1.13004e+02    0.00000e+00   -6.78766e+02    6.05924e+02
   Total Energy    Temperature Pres. DC (bar) Pressure (bar)
   -7.28419e+01    1.21764e+02   -1.57242e+01    2.22695e+01

           Step           Time
           8000       32.00000

   Energies (kJ/mol)
        LJ (SR)  Disper. corr.   Coulomb (SR)      Potential    Kinetic En.
   -6.05663e+02   -1.13004e+02    0.00000e+00   -7.18666e+02    6.15376e+02
   Total Energy    Temperature Pres. DC (bar) Pressure (bar)
   -1.03290e+02    1.23664e+02   -1.57242e+01    1.27568e+01

           Step           Time
           9000       36.00000

   Energies (kJ/mol)
        LJ (SR)  Disper. corr.   Coulomb (SR)      Potential    Kinetic En.
   -5.50621e+02   -1.13004e+02    0.00000e+00   -6.63624e+02    5.84360e+02
   Total Energy    Temperature Pres. DC (bar) Pressure (bar)
   -7.92639e+01    1.17431e+02   -1.57242e+01    5.43650e+00

           Step           Time
          10000       40.00000

Writing checkpoint, step 10000 at Sun Nov  8 15:41:55 2020


   Energies (kJ/mol)
        LJ (SR)  Disper. corr.   Coulomb (SR)      Potential    Kinetic En.
   -5.47618e+02   -1.13004e+02    0.00000e+00   -6.60621e+02    6.27634e+02
   Total Energy    Temperature Pres. DC (bar) Pressure (bar)
   -3.29874e+01    1.26127e+02   -1.57242e+01   -2.85136e+00


	<======  ###############  ==>
	<====  A V E R A G E S  ====>
	<==  ###############  ======>

	Statistics over 10001 steps using 10001 frames

   Energies (kJ/mol)
        LJ (SR)  Disper. corr.   Coulomb (SR)      Potential    Kinetic En.
   -6.18496e+02   -1.13004e+02    0.00000e+00   -7.31500e+02    5.92023e+02
   Total Energy    Temperature Pres. DC (bar) Pressure (bar)
   -1.39476e+02    1.18971e+02   -1.57242e+01    4.69671e+00

   Total Virial (kJ/mol)
    1.78873e+02    1.49728e+00   -1.12001e+00
    1.49728e+00    1.81789e+02    1.02190e+00
   -1.12001e+00    1.02190e+00    1.77990e+02

   Pressure (bar)
    5.41101e+00   -4.43996e-01    3.41766e-01
   -4.43995e-01    3.63138e+00   -4.12324e-01
    3.41766e-01   -4.12324e-01    5.04775e+00


	M E G A - F L O P S   A C C O U N T I N G

 NB=Group-cutoff nonbonded kernels    NxN=N-by-N cluster Verlet kernels
 RF=Reaction-Field  VdW=Van der Waals  QSTab=quadratic-spline table
 W3=SPC/TIP3p  W4=TIP4p (single or pairs)
 V&F=Potential and force  V=Potential only  F=Force only

 Computing:                               M-Number         M-Flops  % Flops
-----------------------------------------------------------------------------
 Pair Search distance check               4.505612          40.551     0.4
 NxN LJ [V&F]                           255.828128       11000.610    97.6
 Shift-X                                  0.040400           0.242     0.0
 Virial                                   4.450445          80.108     0.7
 Stop-CM                                  4.000800          40.008     0.4
 Calc-Ekin                                4.000800         108.022     1.0
-----------------------------------------------------------------------------
 Total                                                   11269.540   100.0
-----------------------------------------------------------------------------


     R E A L   C Y C L E   A N D   T I M E   A C C O U N T I N G

On 1 MPI rank

 Computing:          Num   Num      Call    Wall time         Giga-Cycles
                     Ranks Threads  Count      (s)         total sum    %
-----------------------------------------------------------------------------
 Neighbor search        1    1        101       0.485          1.117   0.8
 Force                  1    1      10001      54.475        125.507  86.4
 NB X/F buffer ops.     1    1      19901       0.283          0.651   0.4
 Write traj.            1    1         11       0.249          0.573   0.4
 Update                 1    1      10001       5.796         13.353   9.2
 Rest                                           1.747          4.024   2.8
-----------------------------------------------------------------------------
 Total                                         63.034        145.225 100.0
-----------------------------------------------------------------------------

               Core t (s)   Wall t (s)        (%)
       Time:       63.033       63.034      100.0
                 (ns/day)    (hour/ns)
Performance:       54.833        0.438
Finished mdrun on rank 0 Sun Nov  8 15:41:55 2020

